Started GET "/" for ::1 at 2019-06-28 11:16:28 +0200
Processing by Rails::WelcomeController#index as HTML
  Rendering /Users/storrijos/.rbenv/versions/2.6.3/lib/ruby/gems/2.6.0/gems/railties-5.2.3/lib/rails/templates/rails/welcome/index.html.erb
  Rendered /Users/storrijos/.rbenv/versions/2.6.3/lib/ruby/gems/2.6.0/gems/railties-5.2.3/lib/rails/templates/rails/welcome/index.html.erb (6.7ms)
Completed 200 OK in 25ms (Views: 15.8ms | ActiveRecord: 0.0ms)


Started GET "/recipes" for ::1 at 2019-06-28 11:24:51 +0200
  
ActionController::RoutingError (No route matches [GET] "/recipes"):
  
actionpack (5.2.3) lib/action_dispatch/middleware/debug_exceptions.rb:65:in `call'
web-console (2.3.0) lib/web_console/middleware.rb:28:in `block in call'
web-console (2.3.0) lib/web_console/middleware.rb:18:in `catch'
web-console (2.3.0) lib/web_console/middleware.rb:18:in `call'
actionpack (5.2.3) lib/action_dispatch/middleware/show_exceptions.rb:33:in `call'
railties (5.2.3) lib/rails/rack/logger.rb:38:in `call_app'
railties (5.2.3) lib/rails/rack/logger.rb:26:in `block in call'
activesupport (5.2.3) lib/active_support/tagged_logging.rb:71:in `block in tagged'
activesupport (5.2.3) lib/active_support/tagged_logging.rb:28:in `tagged'
activesupport (5.2.3) lib/active_support/tagged_logging.rb:71:in `tagged'
railties (5.2.3) lib/rails/rack/logger.rb:26:in `call'
sprockets-rails (3.2.1) lib/sprockets/rails/quiet_assets.rb:13:in `call'
actionpack (5.2.3) lib/action_dispatch/middleware/remote_ip.rb:81:in `call'
actionpack (5.2.3) lib/action_dispatch/middleware/request_id.rb:27:in `call'
rack (2.0.7) lib/rack/method_override.rb:22:in `call'
rack (2.0.7) lib/rack/runtime.rb:22:in `call'
activesupport (5.2.3) lib/active_support/cache/strategy/local_cache_middleware.rb:29:in `call'
actionpack (5.2.3) lib/action_dispatch/middleware/executor.rb:14:in `call'
actionpack (5.2.3) lib/action_dispatch/middleware/static.rb:127:in `call'
rack (2.0.7) lib/rack/sendfile.rb:111:in `call'
railties (5.2.3) lib/rails/engine.rb:524:in `call'
rack (2.0.7) lib/rack/handler/webrick.rb:86:in `service'
/Users/storrijos/.rbenv/versions/2.6.3/lib/ruby/2.6.0/webrick/httpserver.rb:140:in `service'
/Users/storrijos/.rbenv/versions/2.6.3/lib/ruby/2.6.0/webrick/httpserver.rb:96:in `run'
/Users/storrijos/.rbenv/versions/2.6.3/lib/ruby/2.6.0/webrick/server.rb:307:in `block in start_thread'
Started GET "/recipes/index" for ::1 at 2019-06-28 11:24:55 +0200
Processing by RecipesController#index as HTML
  Rendering recipes/index.html.erb within layouts/application
  Rendered recipes/index.html.erb within layouts/application (0.4ms)
Completed 200 OK in 366ms (Views: 364.7ms | ActiveRecord: 0.0ms)


Started GET "/recipes/index" for ::1 at 2019-06-28 11:25:11 +0200
Processing by RecipesController#index as HTML
  Rendering recipes/index.html.erb within layouts/application
  Rendered recipes/index.html.erb within layouts/application (0.6ms)
Completed 200 OK in 60ms (Views: 58.3ms | ActiveRecord: 0.0ms)


Started GET "/" for ::1 at 2019-06-28 11:39:52 +0200
Processing by Rails::WelcomeController#index as HTML
  Rendering /Users/storrijos/.rbenv/versions/2.6.3/lib/ruby/gems/2.6.0/gems/railties-5.2.3/lib/rails/templates/rails/welcome/index.html.erb
  Rendered /Users/storrijos/.rbenv/versions/2.6.3/lib/ruby/gems/2.6.0/gems/railties-5.2.3/lib/rails/templates/rails/welcome/index.html.erb (3.5ms)
Completed 200 OK in 11ms (Views: 7.2ms | ActiveRecord: 0.0ms)


Started GET "/aplication" for ::1 at 2019-06-28 11:40:06 +0200
  
ActionController::RoutingError (No route matches [GET] "/aplication"):
  
actionpack (5.2.3) lib/action_dispatch/middleware/debug_exceptions.rb:65:in `call'
web-console (2.3.0) lib/web_console/middleware.rb:28:in `block in call'
web-console (2.3.0) lib/web_console/middleware.rb:18:in `catch'
web-console (2.3.0) lib/web_console/middleware.rb:18:in `call'
actionpack (5.2.3) lib/action_dispatch/middleware/show_exceptions.rb:33:in `call'
railties (5.2.3) lib/rails/rack/logger.rb:38:in `call_app'
railties (5.2.3) lib/rails/rack/logger.rb:26:in `block in call'
activesupport (5.2.3) lib/active_support/tagged_logging.rb:71:in `block in tagged'
activesupport (5.2.3) lib/active_support/tagged_logging.rb:28:in `tagged'
activesupport (5.2.3) lib/active_support/tagged_logging.rb:71:in `tagged'
railties (5.2.3) lib/rails/rack/logger.rb:26:in `call'
sprockets-rails (3.2.1) lib/sprockets/rails/quiet_assets.rb:13:in `call'
actionpack (5.2.3) lib/action_dispatch/middleware/remote_ip.rb:81:in `call'
actionpack (5.2.3) lib/action_dispatch/middleware/request_id.rb:27:in `call'
rack (2.0.7) lib/rack/method_override.rb:22:in `call'
rack (2.0.7) lib/rack/runtime.rb:22:in `call'
activesupport (5.2.3) lib/active_support/cache/strategy/local_cache_middleware.rb:29:in `call'
actionpack (5.2.3) lib/action_dispatch/middleware/executor.rb:14:in `call'
actionpack (5.2.3) lib/action_dispatch/middleware/static.rb:127:in `call'
rack (2.0.7) lib/rack/sendfile.rb:111:in `call'
railties (5.2.3) lib/rails/engine.rb:524:in `call'
rack (2.0.7) lib/rack/handler/webrick.rb:86:in `service'
/Users/storrijos/.rbenv/versions/2.6.3/lib/ruby/2.6.0/webrick/httpserver.rb:140:in `service'
/Users/storrijos/.rbenv/versions/2.6.3/lib/ruby/2.6.0/webrick/httpserver.rb:96:in `run'
/Users/storrijos/.rbenv/versions/2.6.3/lib/ruby/2.6.0/webrick/server.rb:307:in `block in start_thread'
Started GET "/recipes/index" for ::1 at 2019-06-28 11:40:09 +0200
  
SyntaxError (/Users/storrijos/Downloads/Coursera-Ruby-on-Rails-An-Introduction/graded-assignments/course01/module03/recipefinder/app/controllers/recipes_controller.rb:4: syntax error, unexpected tSTRING_BEG, expecting do or '{' or '('
..._param = params['search'] || 'chocolate'
...                              ^):
  
app/controllers/recipes_controller.rb:4: syntax error, unexpected tSTRING_BEG, expecting do or '{' or '('
Started GET "/" for ::1 at 2019-06-28 11:40:36 +0200
Started GET "/recipes/index" for ::1 at 2019-06-28 11:43:06 +0200
  
SyntaxError (/Users/storrijos/Downloads/Coursera-Ruby-on-Rails-An-Introduction/graded-assignments/course01/module03/recipefinder/app/controllers/recipes_controller.rb:4: syntax error, unexpected tSTRING_BEG, expecting do or '{' or '('
..._param = params['search'] || 'chocolate'
...                              ^):
  
app/controllers/recipes_controller.rb:4: syntax error, unexpected tSTRING_BEG, expecting do or '{' or '('
Started GET "/" for ::1 at 2019-06-28 11:43:12 +0200
Processing by Rails::WelcomeController#index as HTML
  Rendering /Users/storrijos/.rbenv/versions/2.6.3/lib/ruby/gems/2.6.0/gems/railties-5.2.3/lib/rails/templates/rails/welcome/index.html.erb
  Rendered /Users/storrijos/.rbenv/versions/2.6.3/lib/ruby/gems/2.6.0/gems/railties-5.2.3/lib/rails/templates/rails/welcome/index.html.erb (2.5ms)
Completed 200 OK in 6ms (Views: 4.2ms | ActiveRecord: 0.0ms)


Started GET "/recipes" for ::1 at 2019-06-28 11:43:17 +0200
  
ActionController::RoutingError (No route matches [GET] "/recipes"):
  
actionpack (5.2.3) lib/action_dispatch/middleware/debug_exceptions.rb:65:in `call'
web-console (2.3.0) lib/web_console/middleware.rb:28:in `block in call'
web-console (2.3.0) lib/web_console/middleware.rb:18:in `catch'
web-console (2.3.0) lib/web_console/middleware.rb:18:in `call'
actionpack (5.2.3) lib/action_dispatch/middleware/show_exceptions.rb:33:in `call'
railties (5.2.3) lib/rails/rack/logger.rb:38:in `call_app'
railties (5.2.3) lib/rails/rack/logger.rb:26:in `block in call'
activesupport (5.2.3) lib/active_support/tagged_logging.rb:71:in `block in tagged'
activesupport (5.2.3) lib/active_support/tagged_logging.rb:28:in `tagged'
activesupport (5.2.3) lib/active_support/tagged_logging.rb:71:in `tagged'
railties (5.2.3) lib/rails/rack/logger.rb:26:in `call'
sprockets-rails (3.2.1) lib/sprockets/rails/quiet_assets.rb:13:in `call'
actionpack (5.2.3) lib/action_dispatch/middleware/remote_ip.rb:81:in `call'
actionpack (5.2.3) lib/action_dispatch/middleware/request_id.rb:27:in `call'
rack (2.0.7) lib/rack/method_override.rb:22:in `call'
rack (2.0.7) lib/rack/runtime.rb:22:in `call'
activesupport (5.2.3) lib/active_support/cache/strategy/local_cache_middleware.rb:29:in `call'
actionpack (5.2.3) lib/action_dispatch/middleware/executor.rb:14:in `call'
actionpack (5.2.3) lib/action_dispatch/middleware/static.rb:127:in `call'
rack (2.0.7) lib/rack/sendfile.rb:111:in `call'
railties (5.2.3) lib/rails/engine.rb:524:in `call'
rack (2.0.7) lib/rack/handler/webrick.rb:86:in `service'
/Users/storrijos/.rbenv/versions/2.6.3/lib/ruby/2.6.0/webrick/httpserver.rb:140:in `service'
/Users/storrijos/.rbenv/versions/2.6.3/lib/ruby/2.6.0/webrick/httpserver.rb:96:in `run'
/Users/storrijos/.rbenv/versions/2.6.3/lib/ruby/2.6.0/webrick/server.rb:307:in `block in start_thread'
Started GET "/recipes/index" for ::1 at 2019-06-28 11:43:23 +0200
  
SyntaxError (/Users/storrijos/Downloads/Coursera-Ruby-on-Rails-An-Introduction/graded-assignments/course01/module03/recipefinder/app/controllers/recipes_controller.rb:4: syntax error, unexpected tSTRING_BEG, expecting do or '{' or '('
..._param = params['search'] || 'chocolate'
...                              ^):
  
app/controllers/recipes_controller.rb:4: syntax error, unexpected tSTRING_BEG, expecting do or '{' or '('
Started GET "/recipes/index" for ::1 at 2019-06-28 11:44:26 +0200
Processing by RecipesController#index as HTML
Completed 500 Internal Server Error in 9ms (ActiveRecord: 0.0ms)


  
SyntaxError (/Users/storrijos/Downloads/Coursera-Ruby-on-Rails-An-Introduction/graded-assignments/course01/module03/recipefinder/app/models/recipe.rb:12: syntax error, unexpected tSTRING_BEG, expecting do or '{' or '('
...OD2FORK_SERVER_AND_PORT'] || 'www.food2fork.com'
...                              ^):
  
app/models/recipe.rb:12: syntax error, unexpected tSTRING_BEG, expecting do or '{' or '('
app/controllers/recipes_controller.rb:6:in `index'
Started GET "/recipes/index" for ::1 at 2019-06-28 11:45:43 +0200
Processing by RecipesController#index as HTML
Completed 500 Internal Server Error in 1588ms (ActiveRecord: 0.0ms)


  
JSON::ParserError (822: unexpected token at 'FORBIDDEN'):
  
app/models/recipe.rb:22:in `for'
app/controllers/recipes_controller.rb:6:in `index'
Started GET "/recipes/index" for ::1 at 2019-06-28 11:47:15 +0200
Processing by RecipesController#index as HTML
Completed 500 Internal Server Error in 479ms (ActiveRecord: 0.0ms)


  
JSON::ParserError (822: unexpected token at 'FORBIDDEN'):
  
app/models/recipe.rb:22:in `for'
app/controllers/recipes_controller.rb:6:in `index'
Started GET "/recipes/index" for ::1 at 2019-06-28 11:50:22 +0200
Processing by RecipesController#index as HTML
Completed 500 Internal Server Error in 507ms (ActiveRecord: 0.0ms)


  
JSON::ParserError (822: unexpected token at 'FORBIDDEN'):
  
app/models/recipe.rb:22:in `for'
app/controllers/recipes_controller.rb:6:in `index'
Started GET "/recipes/index" for ::1 at 2019-06-28 11:51:58 +0200
Processing by RecipesController#index as HTML
  Rendering recipes/index.html.erb within layouts/application
  Rendered recipes/index.html.erb within layouts/application (1.1ms)
Completed 200 OK in 1092ms (Views: 218.6ms | ActiveRecord: 0.0ms)


Started GET "/recipes/index" for ::1 at 2019-06-28 11:59:03 +0200
Processing by RecipesController#index as HTML
  Rendering recipes/index.html.erb within layouts/application
  Rendered recipes/index.html.erb within layouts/application (1.7ms)
Completed 200 OK in 1203ms (Views: 281.0ms | ActiveRecord: 0.0ms)


Started GET "/recipes/index" for ::1 at 2019-06-28 11:59:31 +0200
Processing by RecipesController#index as HTML
  Rendering recipes/index.html.erb within layouts/application
  Rendered recipes/index.html.erb within layouts/application (15.4ms)
Completed 500 Internal Server Error in 875ms (ActiveRecord: 0.0ms)


  
ActionView::Template::Error (no implicit conversion of String into Integer):
     5: 		<th>Social Rank</th>
     6: 	</tr>
     7: 	<tr>
     8: 		<td><%= @recipes["title"]%></td>
     9: 		<td><%= @recipes%></td>
    10: 		<td><%= @recipes%></td>
    11: 
  
app/views/recipes/index.html.erb:8:in `[]'
app/views/recipes/index.html.erb:8:in `_app_views_recipes_index_html_erb__573155237275389828_70195963376800'
Started GET "/recipes/index" for ::1 at 2019-06-28 12:00:09 +0200
Processing by RecipesController#index as HTML
  Rendering recipes/index.html.erb within layouts/application
  Rendered recipes/index.html.erb within layouts/application (3.0ms)
Completed 500 Internal Server Error in 991ms (ActiveRecord: 0.0ms)


  
ActionView::Template::Error (no implicit conversion of String into Integer):
     5: 		<th>Social Rank</th>
     6: 	</tr>
     7: 	<tr>
     8: 		<td><%= @recipes['title']%></td>
     9: 		<td><%= @recipes%></td>
    10: 		<td><%= @recipes%></td>
    11: 
  
app/views/recipes/index.html.erb:8:in `[]'
app/views/recipes/index.html.erb:8:in `_app_views_recipes_index_html_erb__3356404291633909766_70132711947120'
Started GET "/recipes/index" for ::1 at 2019-06-28 12:00:56 +0200
Processing by RecipesController#index as HTML
  Rendering recipes/index.html.erb within layouts/application
  Rendered recipes/index.html.erb within layouts/application (3.1ms)
Completed 500 Internal Server Error in 975ms (ActiveRecord: 0.0ms)


  
ActionView::Template::Error (no implicit conversion of String into Integer):
     7: 	<tr>
     8: 		<td><%= @recipes%></td>
     9: 		<td><%= @recipes%></td>
    10: 		<td><%= @recipes['social_rank']%></td>
    11: 
    12: 
    13: 	</tr>	
  
app/views/recipes/index.html.erb:10:in `[]'
app/views/recipes/index.html.erb:10:in `_app_views_recipes_index_html_erb___201403585019293529_70293972258120'
Started GET "/recipes/index" for ::1 at 2019-06-28 12:01:35 +0200
Processing by RecipesController#index as HTML
  Rendering recipes/index.html.erb within layouts/application
  Rendered recipes/index.html.erb within layouts/application (4.0ms)
Completed 500 Internal Server Error in 917ms (ActiveRecord: 0.0ms)


  
ActionView::Template::Error (no implicit conversion of String into Integer):
     7: 	<tr>
     8: 		<td><%= @recipes%></td>
     9: 		<td><%= @recipes%></td>
    10: 		<td><%= @recipes["social_rank"]%></td>
    11: 
    12: 
    13: 	</tr>	
  
app/views/recipes/index.html.erb:10:in `[]'
app/views/recipes/index.html.erb:10:in `_app_views_recipes_index_html_erb___4223395074214459914_70215098913480'
Started GET "/recipes/index" for ::1 at 2019-06-28 12:01:50 +0200
Processing by RecipesController#index as HTML
  Rendering recipes/index.html.erb within layouts/application
  Rendered recipes/index.html.erb within layouts/application (3.3ms)
Completed 200 OK in 1215ms (Views: 207.6ms | ActiveRecord: 0.0ms)


Started GET "/recipes/index" for ::1 at 2019-06-28 12:02:44 +0200
Processing by RecipesController#index as HTML
  Rendering recipes/index.html.erb within layouts/application
  Rendered recipes/index.html.erb within layouts/application (5.7ms)
Completed 500 Internal Server Error in 953ms (ActiveRecord: 0.0ms)


  
ActionView::Template::Error (no implicit conversion of String into Integer):
     8: 		<tr>
     9: 			<td><%= @recipes%></td>
    10: 			<td><%= @recipes%></td>
    11: 			<td><%= @recipes["social_rank"]%></td>
    12: 		</tr>
    13: 	<% end %>	
    14: </table>	
  
app/views/recipes/index.html.erb:11:in `[]'
app/views/recipes/index.html.erb:11:in `block in _app_views_recipes_index_html_erb__3224073254256501780_70165611445540'
app/views/recipes/index.html.erb:7:in `each'
app/views/recipes/index.html.erb:7:in `_app_views_recipes_index_html_erb__3224073254256501780_70165611445540'
Started GET "/recipes/index" for ::1 at 2019-06-28 12:03:18 +0200
Processing by RecipesController#index as HTML
  Rendering recipes/index.html.erb within layouts/application
  Rendered recipes/index.html.erb within layouts/application (2.3ms)
Completed 500 Internal Server Error in 1014ms (ActiveRecord: 0.0ms)


  
ActionView::Template::Error (no implicit conversion of String into Integer):
     8: 		<tr>
     9: 			<td></td>
    10: 			<td></td>
    11: 			<td><%= @recipes["social_rank"]%></td>
    12: 		</tr>
    13: 	<% end %>	
    14: </table>	
  
app/views/recipes/index.html.erb:11:in `[]'
app/views/recipes/index.html.erb:11:in `block in _app_views_recipes_index_html_erb__1680528755501229463_70260523872600'
app/views/recipes/index.html.erb:7:in `each'
app/views/recipes/index.html.erb:7:in `_app_views_recipes_index_html_erb__1680528755501229463_70260523872600'
Started GET "/recipes/index" for ::1 at 2019-06-28 12:03:42 +0200
Processing by RecipesController#index as HTML
  Rendering recipes/index.html.erb within layouts/application
  Rendered recipes/index.html.erb within layouts/application (5.0ms)
Completed 500 Internal Server Error in 926ms (ActiveRecord: 0.0ms)


  
ActionView::Template::Error (undefined method `[]' for nil:NilClass):
     8: 		<tr>
     9: 			<td></td>
    10: 			<td></td>
    11: 			<td><%= @recipe["social_rank"]%></td>
    12: 		</tr>
    13: 	<% end %>	
    14: </table>	
  
app/views/recipes/index.html.erb:11:in `block in _app_views_recipes_index_html_erb__1885944532563870799_70205519762820'
app/views/recipes/index.html.erb:7:in `each'
app/views/recipes/index.html.erb:7:in `_app_views_recipes_index_html_erb__1885944532563870799_70205519762820'
Started GET "/recipes/index" for ::1 at 2019-06-28 12:04:12 +0200
Processing by RecipesController#index as HTML
  Rendering recipes/index.html.erb within layouts/application
  Rendered recipes/index.html.erb within layouts/application (39.8ms)
Completed 200 OK in 1484ms (Views: 457.3ms | ActiveRecord: 0.0ms)


Started GET "/recipes/index" for ::1 at 2019-06-28 12:04:24 +0200
Processing by RecipesController#index as HTML
  Rendering recipes/index.html.erb within layouts/application
  Rendered recipes/index.html.erb within layouts/application (0.9ms)
Completed 200 OK in 1053ms (Views: 27.6ms | ActiveRecord: 0.0ms)


Started GET "/recipes/index" for ::1 at 2019-06-28 12:04:39 +0200
Processing by RecipesController#index as HTML
  Rendering recipes/index.html.erb within layouts/application
  Rendered recipes/index.html.erb within layouts/application (56.9ms)
Completed 500 Internal Server Error in 1014ms (ActiveRecord: 0.0ms)


  
ActionView::Template::Error (undefined method `[]' for nil:NilClass):
     6: 	</tr>
     7: 	<% @recipes.each do |recipe| %>
     8: 		<tr>
     9: 			<td><%= @recipe["social_rank"]%></td>
    10: 		</tr>
    11: 	<% end %>	
    12: </table>	
  
app/views/recipes/index.html.erb:9:in `block in _app_views_recipes_index_html_erb__536221839309221504_70207751284760'
app/views/recipes/index.html.erb:7:in `each'
app/views/recipes/index.html.erb:7:in `_app_views_recipes_index_html_erb__536221839309221504_70207751284760'
Started GET "/recipes/index" for ::1 at 2019-06-28 12:04:59 +0200
Processing by RecipesController#index as HTML
  Rendering recipes/index.html.erb within layouts/application
  Rendered recipes/index.html.erb within layouts/application (3.9ms)
Completed 500 Internal Server Error in 894ms (ActiveRecord: 0.0ms)


  
ActionView::Template::Error (undefined method `[]' for nil:NilClass):
     6: 	</tr>
     7: 	<% @recipes.each do |recipe| %>
     8: 		<tr>
     9: 			<td><%= @recipe["social_rank"] %></td>
    10: 		</tr>
    11: 	<% end %>	
    12: </table>	
  
app/views/recipes/index.html.erb:9:in `block in _app_views_recipes_index_html_erb___737812761635240035_70222954991240'
app/views/recipes/index.html.erb:7:in `each'
app/views/recipes/index.html.erb:7:in `_app_views_recipes_index_html_erb___737812761635240035_70222954991240'
Started GET "/recipes/index" for ::1 at 2019-06-28 12:05:20 +0200
Processing by RecipesController#index as HTML
  Rendering recipes/index.html.erb within layouts/application
  Rendered recipes/index.html.erb within layouts/application (0.5ms)
Completed 200 OK in 1344ms (Views: 369.0ms | ActiveRecord: 0.0ms)


Started GET "/recipes/index" for ::1 at 2019-06-28 12:05:46 +0200
Processing by RecipesController#index as HTML
  Rendering recipes/index.html.erb within layouts/application
  Rendered recipes/index.html.erb within layouts/application (1.4ms)
Completed 200 OK in 911ms (Views: 34.0ms | ActiveRecord: 0.0ms)


Started GET "/recipes/index" for ::1 at 2019-06-28 12:06:02 +0200
Processing by RecipesController#index as HTML
  Rendering recipes/index.html.erb within layouts/application
  Rendered recipes/index.html.erb within layouts/application (1.2ms)
Completed 200 OK in 1086ms (Views: 118.1ms | ActiveRecord: 0.0ms)


Started GET "/recipes/index" for ::1 at 2019-06-28 12:06:19 +0200
Processing by RecipesController#index as HTML
  Rendering recipes/index.html.erb within layouts/application
  Rendered recipes/index.html.erb within layouts/application (0.6ms)
Completed 200 OK in 927ms (Views: 16.6ms | ActiveRecord: 0.0ms)


Started GET "/recipes/index" for ::1 at 2019-06-28 12:06:52 +0200
Processing by RecipesController#index as HTML
  Rendering recipes/index.html.erb within layouts/application
  Rendered recipes/index.html.erb within layouts/application (0.6ms)
Completed 200 OK in 1144ms (Views: 19.3ms | ActiveRecord: 0.0ms)


Started GET "/recipes/index" for ::1 at 2019-06-28 12:07:22 +0200
Processing by RecipesController#index as HTML
  Rendering recipes/index.html.erb within layouts/application
  Rendered recipes/index.html.erb within layouts/application (0.6ms)
Completed 200 OK in 920ms (Views: 30.5ms | ActiveRecord: 0.0ms)


Started GET "/recipes/index" for ::1 at 2019-06-28 12:07:31 +0200
Processing by RecipesController#index as HTML
  Rendering recipes/index.html.erb within layouts/application
  Rendered recipes/index.html.erb within layouts/application (0.9ms)
Completed 200 OK in 901ms (Views: 26.5ms | ActiveRecord: 0.0ms)


Started GET "/recipes/index" for ::1 at 2019-06-28 12:08:06 +0200
Processing by RecipesController#index as HTML
  Rendering recipes/index.html.erb within layouts/application
  Rendered recipes/index.html.erb within layouts/application (0.6ms)
Completed 200 OK in 1020ms (Views: 98.2ms | ActiveRecord: 0.0ms)


Started GET "/recipes/index" for ::1 at 2019-06-28 12:10:25 +0200
Processing by RecipesController#index as HTML
  Rendering recipes/index.html.erb within layouts/application
  Rendered recipes/index.html.erb within layouts/application (30.6ms)
Completed 200 OK in 953ms (Views: 94.2ms | ActiveRecord: 0.0ms)


Started GET "/recipes/index" for ::1 at 2019-06-28 12:10:33 +0200
Processing by RecipesController#index as HTML
  Rendering recipes/index.html.erb within layouts/application
  Rendered recipes/index.html.erb within layouts/application (8.7ms)
Completed 200 OK in 1089ms (Views: 20.1ms | ActiveRecord: 0.0ms)


Started GET "/recipes/index" for ::1 at 2019-06-28 12:10:39 +0200
Processing by RecipesController#index as HTML
  Rendering recipes/index.html.erb within layouts/application
  Rendered recipes/index.html.erb within layouts/application (7.5ms)
Completed 200 OK in 883ms (Views: 19.4ms | ActiveRecord: 0.0ms)


Started GET "/recipes/index" for ::1 at 2019-06-28 12:10:48 +0200
Processing by RecipesController#index as HTML
  Rendering recipes/index.html.erb within layouts/application
  Rendered recipes/index.html.erb within layouts/application (8.3ms)
Completed 200 OK in 1006ms (Views: 20.7ms | ActiveRecord: 0.0ms)


Started GET "/recipes/index" for ::1 at 2019-06-28 12:10:57 +0200
Processing by RecipesController#index as HTML
  Rendering recipes/index.html.erb within layouts/application
  Rendered recipes/index.html.erb within layouts/application (12.2ms)
Completed 200 OK in 1676ms (Views: 220.2ms | ActiveRecord: 0.0ms)


Started GET "/recipes/index" for ::1 at 2019-06-28 12:11:03 +0200
Processing by RecipesController#index as HTML
  Rendering recipes/index.html.erb within layouts/application
  Rendered recipes/index.html.erb within layouts/application (10.5ms)
Completed 200 OK in 1094ms (Views: 66.6ms | ActiveRecord: 0.0ms)


Started GET "/recipes/index" for ::1 at 2019-06-28 12:11:15 +0200
Processing by RecipesController#index as HTML
  Rendering recipes/index.html.erb within layouts/application
  Rendered recipes/index.html.erb within layouts/application (0.6ms)
Completed 200 OK in 1124ms (Views: 13.9ms | ActiveRecord: 0.0ms)


Started GET "/recipes/index?search=swiss" for ::1 at 2019-06-28 12:12:06 +0200
Processing by RecipesController#index as HTML
  Parameters: {"search"=>"swiss"}
  Rendering recipes/index.html.erb within layouts/application
  Rendered recipes/index.html.erb within layouts/application (1.1ms)
Completed 200 OK in 1511ms (Views: 19.7ms | ActiveRecord: 0.0ms)


Started GET "/recipes/index?search=swiss" for ::1 at 2019-06-28 12:15:43 +0200
Processing by RecipesController#index as HTML
  Parameters: {"search"=>"swiss"}
  Rendering recipes/index.html.erb within layouts/application
  Rendered recipes/index.html.erb within layouts/application (1.8ms)
Completed 500 Internal Server Error in 1029ms (ActiveRecord: 0.0ms)


  
SyntaxError (/Users/storrijos/Downloads/Coursera-Ruby-on-Rails-An-Introduction/graded-assignments/course01/module03/recipefinder/app/views/recipes/index.html.erb:9: syntax error, unexpected tIDENTIFIER, expecting ')'
...e_tag(recipe["image_url"] width="100" height="100"));@output...
...                          ^~~~~
/Users/storrijos/Downloads/Coursera-Ruby-on-Rails-An-Introduction/graded-assignments/course01/module03/recipefinder/app/views/recipes/index.html.erb:9: syntax error, unexpected tIDENTIFIER, expecting ')'
..."image_url"] width="100" height="100"));@output_buffer.safe_...
...                         ^~~~~~
/Users/storrijos/Downloads/Coursera-Ruby-on-Rails-An-Introduction/graded-assignments/course01/module03/recipefinder/app/views/recipes/index.html.erb:9: syntax error, unexpected ')', expecting end
...rl"] width="100" height="100"));@output_buffer.safe_append='...
...                              ^
/Users/storrijos/Downloads/Coursera-Ruby-on-Rails-An-Introduction/graded-assignments/course01/module03/recipefinder/app/views/recipes/index.html.erb:16: syntax error, unexpected ensure, expecting end-of-input
          ensure
          ^~~~~~):
  
app/views/recipes/index.html.erb:9: syntax error, unexpected tIDENTIFIER, expecting ')'
app/views/recipes/index.html.erb:9: syntax error, unexpected tIDENTIFIER, expecting ')'
app/views/recipes/index.html.erb:9: syntax error, unexpected ')', expecting end
app/views/recipes/index.html.erb:16: syntax error, unexpected ensure, expecting end-of-input
Started GET "/recipes/index?search=swiss" for ::1 at 2019-06-28 12:16:03 +0200
Processing by RecipesController#index as HTML
  Parameters: {"search"=>"swiss"}
  Rendering recipes/index.html.erb within layouts/application
  Rendered recipes/index.html.erb within layouts/application (0.7ms)
Completed 500 Internal Server Error in 1041ms (ActiveRecord: 0.0ms)


  
SyntaxError (/Users/storrijos/Downloads/Coursera-Ruby-on-Rails-An-Introduction/graded-assignments/course01/module03/recipefinder/app/views/recipes/index.html.erb:9: syntax error, unexpected tIDENTIFIER, expecting ')'
...e_tag(recipe["image_url"] width="100" height="100") );@outpu...
...                          ^~~~~
/Users/storrijos/Downloads/Coursera-Ruby-on-Rails-An-Introduction/graded-assignments/course01/module03/recipefinder/app/views/recipes/index.html.erb:9: syntax error, unexpected tIDENTIFIER, expecting ')'
..."image_url"] width="100" height="100") );@output_buffer.safe...
...                         ^~~~~~
/Users/storrijos/Downloads/Coursera-Ruby-on-Rails-An-Introduction/graded-assignments/course01/module03/recipefinder/app/views/recipes/index.html.erb:9: syntax error, unexpected ')', expecting end
...l"] width="100" height="100") );@output_buffer.safe_append='...
...                              ^
/Users/storrijos/Downloads/Coursera-Ruby-on-Rails-An-Introduction/graded-assignments/course01/module03/recipefinder/app/views/recipes/index.html.erb:16: syntax error, unexpected ensure, expecting end-of-input
          ensure
          ^~~~~~):
  
app/views/recipes/index.html.erb:9: syntax error, unexpected tIDENTIFIER, expecting ')'
app/views/recipes/index.html.erb:9: syntax error, unexpected tIDENTIFIER, expecting ')'
app/views/recipes/index.html.erb:9: syntax error, unexpected ')', expecting end
app/views/recipes/index.html.erb:16: syntax error, unexpected ensure, expecting end-of-input
Started GET "/recipes/index?search=swiss" for ::1 at 2019-06-28 12:16:33 +0200
Processing by RecipesController#index as HTML
  Parameters: {"search"=>"swiss"}
  Rendering recipes/index.html.erb within layouts/application
  Rendered recipes/index.html.erb within layouts/application (1.7ms)
Completed 200 OK in 1869ms (Views: 197.2ms | ActiveRecord: 0.0ms)


Started GET "/recipes/index?search=swiss" for ::1 at 2019-06-28 12:17:52 +0200
Processing by RecipesController#index as HTML
  Parameters: {"search"=>"swiss"}
  Rendering recipes/index.html.erb within layouts/application
  Rendered recipes/index.html.erb within layouts/application (2.1ms)
Completed 500 Internal Server Error in 1002ms (ActiveRecord: 0.0ms)


  
SyntaxError (/Users/storrijos/Downloads/Coursera-Ruby-on-Rails-An-Introduction/graded-assignments/course01/module03/recipefinder/app/views/recipes/index.html.erb:9: syntax error, unexpected tSTRING_BEG, expecting ')'
...], width:"100", height:"100") "Recipe image", recipe["f2f_ur...
...                              ^
/Users/storrijos/Downloads/Coursera-Ruby-on-Rails-An-Introduction/graded-assignments/course01/module03/recipefinder/app/views/recipes/index.html.erb:9: syntax error, unexpected ',', expecting ')'
..., height:"100") "Recipe image", recipe["f2f_url"] );@output_...
...                              ^):
  
app/views/recipes/index.html.erb:9: syntax error, unexpected tSTRING_BEG, expecting ')'
app/views/recipes/index.html.erb:9: syntax error, unexpected ',', expecting ')'
Started GET "/recipes/index?search=swiss" for ::1 at 2019-06-28 12:18:01 +0200
Processing by RecipesController#index as HTML
  Parameters: {"search"=>"swiss"}
  Rendering recipes/index.html.erb within layouts/application
  Rendered recipes/index.html.erb within layouts/application (1.1ms)
Completed 500 Internal Server Error in 982ms (ActiveRecord: 0.0ms)


  
SyntaxError (/Users/storrijos/Downloads/Coursera-Ruby-on-Rails-An-Introduction/graded-assignments/course01/module03/recipefinder/app/views/recipes/index.html.erb:9: syntax error, unexpected tIDENTIFIER, expecting ')'
...dth:"100", height:"100") recipe["f2f_url"] );@output_buffer....
...                         ^~~~~~):
  
app/views/recipes/index.html.erb:9: syntax error, unexpected tIDENTIFIER, expecting ')'
Started GET "/recipes/index?search=swiss" for ::1 at 2019-06-28 12:18:11 +0200
Processing by RecipesController#index as HTML
  Parameters: {"search"=>"swiss"}
  Rendering recipes/index.html.erb within layouts/application
  Rendered recipes/index.html.erb within layouts/application (1.9ms)
Completed 200 OK in 1435ms (Views: 16.5ms | ActiveRecord: 0.0ms)


Started GET "/recipes/index?search=swiss" for ::1 at 2019-06-28 12:19:00 +0200
Processing by RecipesController#index as HTML
  Parameters: {"search"=>"swiss"}
  Rendering recipes/index.html.erb within layouts/application
  Rendered recipes/index.html.erb within layouts/application (1.9ms)
Completed 200 OK in 981ms (Views: 19.1ms | ActiveRecord: 0.0ms)


Started GET "/recipes/index?search=swiss" for ::1 at 2019-06-28 12:19:40 +0200
Processing by RecipesController#index as HTML
  Parameters: {"search"=>"swiss"}
  Rendering recipes/index.html.erb within layouts/application
  Rendered recipes/index.html.erb within layouts/application (1.9ms)
Completed 500 Internal Server Error in 975ms (ActiveRecord: 0.0ms)


  
ActionView::Template::Error (no implicit conversion of Symbol into Integer):
     7: 	<% @recipes.each do |recipe| %>
     8: 		<tr>
     9: 			<td><%= link_to image_tag(recipe["image_url"], width:"100", height:"100"), recipe["f2f_url"] %></td>
    10: 			<td><center><%= link_to sanitize recipe["title"], recipe["f2f_url"] %></center></td>
    11: 			<td><center><%= recipe["social_rank"] %></center></td>
    12: 		</tr>
    13: 	<% end %>	
  
app/views/recipes/index.html.erb:10:in `block in _app_views_recipes_index_html_erb__2007458254947894069_70106644126160'
app/views/recipes/index.html.erb:7:in `each'
app/views/recipes/index.html.erb:7:in `_app_views_recipes_index_html_erb__2007458254947894069_70106644126160'
Started GET "/recipes/index?search=swiss" for ::1 at 2019-06-28 12:19:47 +0200
Processing by RecipesController#index as HTML
  Parameters: {"search"=>"swiss"}
  Rendering recipes/index.html.erb within layouts/application
  Rendered recipes/index.html.erb within layouts/application (6.8ms)
Completed 200 OK in 1050ms (Views: 26.1ms | ActiveRecord: 0.0ms)


Started GET "/" for ::1 at 2019-06-28 12:20:15 +0200
  
ArgumentError (Missing :controller key on routes definition, please check your routes.):
  
config/routes.rb:4:in `block in <main>'
config/routes.rb:1:in `<main>'
Started GET "/" for ::1 at 2019-06-28 12:21:10 +0200
Processing by RecipesController#index as HTML
  Rendering recipes/index.html.erb within layouts/application
  Rendered recipes/index.html.erb within layouts/application (49.3ms)
Completed 200 OK in 1284ms (Views: 110.1ms | ActiveRecord: 0.0ms)


Started GET "/" for ::1 at 2019-06-28 12:21:23 +0200
Processing by RecipesController#index as HTML
  Rendering recipes/index.html.erb within layouts/application
  Rendered recipes/index.html.erb within layouts/application (9.6ms)
Completed 200 OK in 892ms (Views: 26.4ms | ActiveRecord: 0.0ms)


